<?xml version="1.0" encoding="UTF-8"?>
<!-- Generated by org.testng.reporters.JUnitXMLReporter -->
<testsuite hostname="DESKTOP-5TRQ2HB" name="Test" tests="4" failures="0" timestamp="23 Jul 2019 05:40:32 GMT" time="72.337" errors="0">
  <testcase name="countTotalLink" time="30.575" classname="tests.CountTotalLinkInThePage"/>
  <testcase name="verifyURL" time="0.016" classname="tests.VerifyWebsiteURL"/>
  <testcase name="verifyPage" time="0.017" classname="tests.VerifyUserLandedOnTheRightPage"/>
  <testcase name="totalImageCount" time="0.053" classname="tests.TotalPageImageCount"/>
</testsuite> <!-- Test -->
